[21:33:46] [main/WARN]: Ambiguity between arguments [teleport, destination] and [teleport, targets] with inputs: [Player, 0123, @e, dd12be42-52a9-4a91-a8a1-11c01849e498]
[21:33:46] [main/WARN]: Ambiguity between arguments [teleport, location] and [teleport, destination] with inputs: [0.1 -0.5 .9, 0 0 0]
[21:33:46] [main/WARN]: Ambiguity between arguments [teleport, location] and [teleport, targets] with inputs: [0.1 -0.5 .9, 0 0 0]
[21:33:46] [main/WARN]: Ambiguity between arguments [teleport, targets] and [teleport, destination] with inputs: [Player, 0123, dd12be42-52a9-4a91-a8a1-11c01849e498]
[21:33:46] [main/WARN]: Ambiguity between arguments [teleport, targets, location] and [teleport, targets, destination] with inputs: [0.1 -0.5 .9, 0 0 0]
[21:33:46] [Server thread/INFO]: Starting minecraft server version 1.14.3
[21:33:46] [Server thread/INFO]: Loading properties
[21:33:46] [Server thread/INFO]: Default game type: SURVIVAL
[21:33:46] [Server thread/INFO]: Generating keypair
[21:33:46] [Server thread/INFO]: Starting Minecraft server on *:25565
[21:33:46] [Server thread/INFO]: Using default channel type
[21:33:49] [Server thread/INFO]: Preparing level "world"
[21:33:49] [Server thread/INFO]: Reloading ResourceManager: Default
[21:33:50] [Server thread/INFO]: Loaded 6 recipes
[21:33:50] [Server thread/INFO]: Loaded 811 advancements
[21:33:50] [Server thread/INFO]: Preparing start region for dimension minecraft:overworld
[21:33:52] [Server thread/INFO]: Preparing spawn area: 0%
[21:33:52] [Server thread/INFO]: Preparing spawn area: 0%
[21:33:52] [Server thread/INFO]: Preparing spawn area: 0%
[21:33:52] [Server thread/INFO]: Preparing spawn area: 0%
[21:33:52] [Server thread/INFO]: Time elapsed: 1933 ms
[21:33:52] [Server thread/INFO]: Done (3.358s)! For help, type "help"
[21:36:49] [User Authenticator #1/INFO]: UUID of player ThatGOATBoi is 55e5c7ea-0858-4b71-ab66-f498214a54ed
[21:36:49] [Server thread/INFO]: ThatGOATBoi[/127.0.0.1:57611] logged in with entity id 68 at (-253.5, 66.0, -100.5)
[21:36:49] [Server thread/INFO]: ThatGOATBoi joined the game
[21:37:07] [Server thread/INFO]: ThatGOATBoi lost connection: Disconnected
[21:37:07] [Server thread/INFO]: ThatGOATBoi left the game
[21:37:20] [Server thread/INFO]: Stopping the server
[21:37:20] [Server thread/INFO]: Stopping server
[21:37:20] [Server thread/INFO]: Saving players
[21:37:20] [Server thread/INFO]: Saving worlds
[21:37:20] [Server thread/INFO]: Saving chunks for level 'world'/minecraft:overworld
[21:37:21] [Server thread/INFO]: ThreadedAnvilChunkStorage (world): All chunks are saved
[21:37:21] [Server thread/INFO]: Saving chunks for level 'world'/minecraft:the_nether
[21:37:21] [Server thread/INFO]: ThreadedAnvilChunkStorage (DIM-1): All chunks are saved
[21:37:21] [Server thread/INFO]: Saving chunks for level 'world'/minecraft:the_end
[21:37:21] [Server thread/INFO]: ThreadedAnvilChunkStorage (DIM1): All chunks are saved
[21:37:21] [Server thread/INFO]: ThreadedAnvilChunkStorage (world): All chunks are saved
[21:37:21] [Server thread/INFO]: ThreadedAnvilChunkStorage (DIM-1): All chunks are saved
[21:37:21] [Server thread/INFO]: ThreadedAnvilChunkStorage (DIM1): All chunks are saved
